<?xml version="1.0" encoding="UTF-8"?>
<!-- Generated by org.testng.reporters.JUnitReportReporter -->
<testsuite hostname="LAPTOP-8M8NT59T" name="architect.workshop.restassured.handson.FindElementsInterrogationExercise3" tests="1" failures="0" timestamp="3 Dec 2020 12:26:58 GMT" time="8.098" errors="0">
  <testcase name="findElements" time="8.098" classname="architect.workshop.restassured.handson.FindElementsInterrogationExercise3"/>
</testsuite> <!-- architect.workshop.restassured.handson.FindElementsInterrogationExercise3 -->
