<?xml version="1.0" encoding="UTF-8"?>
<!-- Generated by org.testng.reporters.JUnitReportReporter -->
<testsuite hostname="LAPTOP-8M8NT59T" name="architect.workshop.restassured.handson.NavigationExercise1" tests="2" failures="0" timestamp="1 Dec 2020 12:37:14 GMT" time="15.428" errors="0">
  <testcase name="navigateToSelenium" time="10.198" classname="architect.workshop.restassured.handson.NavigationExercise1"/>
  <testcase name="useGetMethod" time="5.230" classname="architect.workshop.restassured.handson.NavigationExercise1"/>
</testsuite> <!-- architect.workshop.restassured.handson.NavigationExercise1 -->
