<?xml version="1.0" encoding="UTF-8"?>
<!-- Generated by org.testng.reporters.JUnitReportReporter -->
<testsuite hostname="LAPTOP-8M8NT59T" name="architect.workshop.restassured.handson.InterrogationByCssExercise" tests="1" failures="0" timestamp="9 Dec 2020 15:35:07 GMT" time="21.381" errors="0">
  <testcase name="byCSSExercises" time="21.381" classname="architect.workshop.restassured.handson.InterrogationByCssExercise"/>
</testsuite> <!-- architect.workshop.restassured.handson.InterrogationByCssExercise -->
