<?xml version="1.0" encoding="UTF-8"?>
<!-- Generated by org.testng.reporters.JUnitReportReporter -->
<testsuite hostname="LAPTOP-8M8NT59T" name="architect.workshop.restassured.handson.OrangeHRMTestCase" tests="1" failures="0" timestamp="27 Nov 2020 07:00:18 GMT" time="7.980" errors="0">
  <testcase name="startWebDriver" time="7.980" classname="architect.workshop.restassured.handson.OrangeHRMTestCase"/>
</testsuite> <!-- architect.workshop.restassured.handson.OrangeHRMTestCase -->
