<?xml version="1.0" encoding="UTF-8"?>
<!-- Generated by org.testng.reporters.JUnitReportReporter -->
<testsuite hostname="LAPTOP-8M8NT59T" name="architect.workshop.restassured.handson.InterrogationExercise1" tests="1" failures="0" timestamp="1 Dec 2020 12:18:28 GMT" time="7.320" errors="0">
  <testcase name="InterrogationExcercise" time="7.320" classname="architect.workshop.restassured.handson.InterrogationExercise1"/>
</testsuite> <!-- architect.workshop.restassured.handson.InterrogationExercise1 -->
