<?xml version="1.0" encoding="UTF-8"?>
<!-- Generated by org.testng.reporters.JUnitReportReporter -->
<testsuite hostname="LAPTOP-8M8NT59T" name="architect.workshop.restassured.handson.InterrogationExercise2" tests="1" failures="0" timestamp="8 Dec 2020 06:44:27 GMT" time="10.460" errors="0">
  <testcase name="interrogationExercises" time="10.460" classname="architect.workshop.restassured.handson.InterrogationExercise2"/>
</testsuite> <!-- architect.workshop.restassured.handson.InterrogationExercise2 -->
